<?xml version="1.0" encoding="UTF-8" ?>
<testsuite failures="0" time="0.016" errors="0" skipped="0" tests="4" name="org.efs.openreports.objects.TestReportBook">
  <properties>
[...]
</properties>
  <testcase time="0" classname="org.efs.openreports.objects.TestReportBook" name="testIsValidGroup_PassedNullGroup"/>
  <testcase time="0" classname="org.efs.openreports.objects.TestReportBook" name="testIsValidGroup_PassedNullGroupAfterGroupsAssigned"/>
  <testcase time="0" classname="org.efs.openreports.objects.TestReportBook" name="testIsValidGroup_PassedGroup"/>
  <testcase time="0" classname="org.efs.openreports.objects.TestReportBook" name="testIsValidGroup_PassedGroupBeforeAssignedGroups"/>
</testsuite>